#
# There is insufficient memory for the Java Runtime Environment to continue.
# Native memory allocation (malloc) failed to allocate 1383536 bytes for Chunk::new
# Possible reasons:
#   The system is out of physical RAM or swap space
#   The process is running with CompressedOops enabled, and the Java Heap may be blocking the growth of the native heap
# Possible solutions:
#   Reduce memory load on the system
#   Increase physical memory or swap space
#   Check if swap backing store is full
#   Decrease Java heap size (-Xmx/-Xms)
#   Decrease number of Java threads
#   Decrease Java thread stack sizes (-Xss)
#   Set larger code cache with -XX:ReservedCodeCacheSize=
#   JVM is running with Unscaled Compressed Oops mode in which the Java heap is
#     placed in the first 4GB address space. The Java Heap base address is the
#     maximum limit for the native heap growth. Please use -XX:HeapBaseMinAddress
#     to set the Java Heap base and to place the Java Heap above 4GB virtual address.
# This output file may be truncated or incomplete.
#
#  Out of Memory Error (./src/hotspot/share/memory/arena.cpp:197), pid=22768, tid=23020
#
# JRE version: OpenJDK Runtime Environment Microsoft-25199 (11.0.12+7) (build 11.0.12+7)
# Java VM: OpenJDK 64-Bit Server VM Microsoft-25199 (11.0.12+7, mixed mode, tiered, compressed oops, g1 gc, windows-amd64)
# No core dump will be written. Minidumps are not enabled by default on client versions of Windows
#

---------------  S U M M A R Y ------------

Command Line: --add-opens=java.base/java.util=ALL-UNNAMED --add-opens=java.base/java.lang=ALL-UNNAMED --add-opens=java.base/java.lang.invoke=ALL-UNNAMED --add-opens=java.prefs/java.util.prefs=ALL-UNNAMED --add-opens=java.base/java.nio.charset=ALL-UNNAMED --add-opens=java.base/java.net=ALL-UNNAMED --add-opens=java.base/java.util.concurrent.atomic=ALL-UNNAMED -Xmx1536m -Dfile.encoding=utf8 -Duser.country=RU -Duser.language=ru -Duser.variant org.gradle.launcher.daemon.bootstrap.GradleDaemon 7.6.1

Host: Intel(R) Core(TM) i7-10870H CPU @ 2.20GHz, 16 cores, 15G,  Windows 10 , 64 bit Build 19041 (10.0.19041.5915)
Time: Sat Feb 28 16:49:13 2026 ╩¹ń¹ļŅ­õÓ (ńĶņÓ) elapsed time: 4.311249 seconds (0d 0h 0m 4s)

---------------  T H R E A D  ---------------

Current thread (0x000001f4831f4800):  JavaThread "C2 CompilerThread1" daemon [_thread_in_native, id=23020, stack(0x000000991a800000,0x000000991a900000)]


Current CompileTask:
C2:   4311 2251   !   4       java.lang.ClassLoader::loadClass (122 bytes)

Stack: [0x000000991a800000,0x000000991a900000]
Native frames: (J=compiled Java code, j=interpreted, Vv=VM code, C=native code)
V  [jvm.dll+0x6090fa]
V  [jvm.dll+0x79229e]
V  [jvm.dll+0x79396f]
V  [jvm.dll+0x794033]
V  [jvm.dll+0x24bed8]
V  [jvm.dll+0xc219c]
V  [jvm.dll+0xc275c]
V  [jvm.dll+0x354862]
V  [jvm.dll+0x19db79]
V  [jvm.dll+0x205692]
V  [jvm.dll+0x20476d]
V  [jvm.dll+0x18996c]
V  [jvm.dll+0x213dd7]
V  [jvm.dll+0x211f9b]
V  [jvm.dll+0x7563a9]
V  [jvm.dll+0x74f414]
V  [jvm.dll+0x607f56]
C  [ucrtbase.dll+0x21bb2]
C  [KERNEL32.DLL+0x17374]
C  [ntdll.dll+0x4cc91]


---------------  P R O C E S S  ---------------

Threads class SMR info:
_java_thread_list=0x000001f485d4fd20, length=27, elements={
0x000001f4e1f21800, 0x000001f482f78000, 0x000001f482f79800, 0x000001f482ffe000,
0x000001f482fff000, 0x000001f483000000, 0x000001f483003800, 0x000001f483006800,
0x000001f483007800, 0x000001f48317f000, 0x000001f48318a000, 0x000001f4853c0000,
0x000001f48463b000, 0x000001f48579a000, 0x000001f4856e3000, 0x000001f4831f4800,
0x000001f484637800, 0x000001f484186000, 0x000001f485a5e800, 0x000001f4858ae800,
0x000001f484950800, 0x000001f484826800, 0x000001f485c38800, 0x000001f485c35000,
0x000001f485c36000, 0x000001f485c37000, 0x000001f485c3a000
}

Java Threads: ( => current thread )
  0x000001f4e1f21800 JavaThread "main" [_thread_blocked, id=21056, stack(0x0000009918e00000,0x0000009918f00000)]
  0x000001f482f78000 JavaThread "Reference Handler" daemon [_thread_blocked, id=23240, stack(0x0000009919500000,0x0000009919600000)]
  0x000001f482f79800 JavaThread "Finalizer" daemon [_thread_blocked, id=9440, stack(0x0000009919600000,0x0000009919700000)]
  0x000001f482ffe000 JavaThread "Signal Dispatcher" daemon [_thread_blocked, id=11448, stack(0x0000009919700000,0x0000009919800000)]
  0x000001f482fff000 JavaThread "Attach Listener" daemon [_thread_blocked, id=21996, stack(0x0000009919800000,0x0000009919900000)]
  0x000001f483000000 JavaThread "Service Thread" daemon [_thread_blocked, id=19872, stack(0x0000009919900000,0x0000009919a00000)]
  0x000001f483003800 JavaThread "C2 CompilerThread0" daemon [_thread_in_native, id=12304, stack(0x0000009919a00000,0x0000009919b00000)]
  0x000001f483006800 JavaThread "C1 CompilerThread0" daemon [_thread_blocked, id=20056, stack(0x0000009919b00000,0x0000009919c00000)]
  0x000001f483007800 JavaThread "Sweeper thread" daemon [_thread_blocked, id=20468, stack(0x0000009919c00000,0x0000009919d00000)]
  0x000001f48317f000 JavaThread "Common-Cleaner" daemon [_thread_blocked, id=23052, stack(0x0000009919d00000,0x0000009919e00000)]
  0x000001f48318a000 JavaThread "C1 CompilerThread1" daemon [_thread_blocked, id=21852, stack(0x0000009919e00000,0x0000009919f00000)]
  0x000001f4853c0000 JavaThread "C1 CompilerThread2" daemon [_thread_blocked, id=16968, stack(0x000000991a600000,0x000000991a700000)]
  0x000001f48463b000 JavaThread "C1 CompilerThread3" daemon [_thread_blocked, id=22188, stack(0x000000991a700000,0x000000991a800000)]
  0x000001f48579a000 JavaThread "Daemon health stats" [_thread_blocked, id=17920, stack(0x000000991a900000,0x000000991aa00000)]
  0x000001f4856e3000 JavaThread "Incoming local TCP Connector on port 60941" [_thread_in_native, id=22880, stack(0x000000991a000000,0x000000991a100000)]
=>0x000001f4831f4800 JavaThread "C2 CompilerThread1" daemon [_thread_in_native, id=23020, stack(0x000000991a800000,0x000000991a900000)]
  0x000001f484637800 JavaThread "Daemon periodic checks" [_thread_blocked, id=23220, stack(0x000000991aa00000,0x000000991ab00000)]
  0x000001f484186000 JavaThread "Daemon" [_thread_blocked, id=8316, stack(0x000000991ab00000,0x000000991ac00000)]
  0x000001f485a5e800 JavaThread "Handler for socket connection from /127.0.0.1:60941 to /127.0.0.1:60942" [_thread_in_native, id=18604, stack(0x000000991ac00000,0x000000991ad00000)]
  0x000001f4858ae800 JavaThread "Cancel handler" [_thread_blocked, id=4972, stack(0x000000991ad00000,0x000000991ae00000)]
  0x000001f484950800 JavaThread "Daemon worker" [_thread_in_native, id=4864, stack(0x000000991ae00000,0x000000991af00000)]
  0x000001f484826800 JavaThread "Asynchronous log dispatcher for DefaultDaemonConnection: socket connection from /127.0.0.1:60941 to /127.0.0.1:60942" [_thread_blocked, id=17700, stack(0x000000991af00000,0x000000991b000000)]
  0x000001f485c38800 JavaThread "Stdin handler" [_thread_blocked, id=15592, stack(0x000000991b000000,0x000000991b100000)]
  0x000001f485c35000 JavaThread "Daemon client event forwarder" [_thread_blocked, id=23516, stack(0x000000991b100000,0x000000991b200000)]
  0x000001f485c36000 JavaThread "Cache worker for journal cache (C:\Users\ąÉąĀąóąĢąøą¼\.gradle\caches\journal-1)" [_thread_blocked, id=11160, stack(0x000000991b200000,0x000000991b300000)]
  0x000001f485c37000 JavaThread "File lock request listener" [_thread_in_native, id=11776, stack(0x000000991b300000,0x000000991b400000)]
  0x000001f485c3a000 JavaThread "Cache worker for file hash cache (C:\Users\ąÉąĀąóąĢąøą¼\.gradle\caches\7.6.1\fileHashes)" [_thread_blocked, id=11356, stack(0x000000991bd00000,0x000000991be00000)]

Other Threads:
  0x000001f482f74800 VMThread "VM Thread" [stack: 0x0000009919400000,0x0000009919500000] [id=23124]
  0x000001f483205800 WatcherThread [stack: 0x0000009919f00000,0x000000991a000000] [id=19624]
  0x000001f4e1f35800 GCTaskThread "GC Thread#0" [stack: 0x0000009918f00000,0x0000009919000000] [id=7500]
  0x000001f483885800 GCTaskThread "GC Thread#1" [stack: 0x000000991a100000,0x000000991a200000] [id=5364]
  0x000001f483ef1800 GCTaskThread "GC Thread#2" [stack: 0x000000991a200000,0x000000991a300000] [id=23300]
  0x000001f4839d3000 GCTaskThread "GC Thread#3" [stack: 0x000000991a300000,0x000000991a400000] [id=21520]
  0x000001f483733000 GCTaskThread "GC Thread#4" [stack: 0x000000991a400000,0x000000991a500000] [id=23320]
  0x000001f483733800 GCTaskThread "GC Thread#5" [stack: 0x000000991a500000,0x000000991a600000] [id=7828]
  0x000001f485c27000 GCTaskThread "GC Thread#6" [stack: 0x000000991b400000,0x000000991b500000] [id=23180]
  0x000001f485c27800 GCTaskThread "GC Thread#7" [stack: 0x000000991b500000,0x000000991b600000] [id=23404]
  0x000001f484442800 GCTaskThread "GC Thread#8" [stack: 0x000000991b600000,0x000000991b700000] [id=15292]
  0x000001f484443800 GCTaskThread "GC Thread#9" [stack: 0x000000991b700000,0x000000991b800000] [id=22896]
  0x000001f4859dd000 GCTaskThread "GC Thread#10" [stack: 0x000000991b800000,0x000000991b900000] [id=20628]
  0x000001f4859dd800 GCTaskThread "GC Thread#11" [stack: 0x000000991b900000,0x000000991ba00000] [id=20568]
  0x000001f483ea4800 GCTaskThread "GC Thread#12" [stack: 0x000000991ba00000,0x000000991bb00000] [id=22732]
  0x000001f4e1f5c000 ConcurrentGCThread "G1 Main Marker" [stack: 0x0000009919000000,0x0000009919100000] [id=15384]
  0x000001f4e1f5d000 ConcurrentGCThread "G1 Conc#0" [stack: 0x0000009919100000,0x0000009919200000] [id=23548]
  0x000001f485e8d000 ConcurrentGCThread "G1 Conc#1" [stack: 0x000000991bb00000,0x000000991bc00000] [id=22740]
  0x000001f483932000 ConcurrentGCThread "G1 Conc#2" [stack: 0x000000991bc00000,0x000000991bd00000] [id=15208]
  0x000001f4e1fee000 ConcurrentGCThread "G1 Refine#0" [stack: 0x0000009919200000,0x0000009919300000] [id=3360]
  0x000001f4825de800 ConcurrentGCThread "G1 Young RemSet Sampling" [stack: 0x0000009919300000,0x0000009919400000] [id=20724]

Threads with active compile tasks:
C2 CompilerThread1   4400 2251   !   4       java.lang.ClassLoader::loadClass (122 bytes)

VM state:not at safepoint (normal execution)

VM Mutex/Monitor currently owned by a thread: None

Heap address: 0x00000000a0000000, size: 1536 MB, Compressed Oops mode: 32-bit
Narrow klass base: 0x0000000000000000, Narrow klass shift: 3
Compressed class space size: 1073741824 Address: 0x0000000100000000

Heap:
 garbage-first heap   total 260096K, used 44957K [0x00000000a0000000, 0x0000000100000000)
  region size 1024K, 39 young (39936K), 11 survivors (11264K)
 Metaspace       used 23179K, capacity 23734K, committed 24112K, reserved 1071104K
  class space    used 2921K, capacity 3119K, committed 3200K, reserved 1048576K
Heap Regions: E=young(eden), S=young(survivor), O=old, HS=humongous(starts), HC=humongous(continues), CS=collection set, F=free, A=archive, TAMS=top-at-mark-start (previous, next)
|   0|0x00000000a0000000, 0x00000000a0100000, 0x00000000a0100000|100%|HS|  |TAMS 0x00000000a0100000, 0x00000000a0000000| Complete 
|   1|0x00000000a0100000, 0x00000000a0200000, 0x00000000a0200000|100%|HC|  |TAMS 0x00000000a0200000, 0x00000000a0100000| Complete 
|   2|0x00000000a0200000, 0x00000000a0300000, 0x00000000a0300000|100%|HC|  |TAMS 0x00000000a0300000, 0x00000000a0200000| Complete 
|   3|0x00000000a0300000, 0x00000000a0400000, 0x00000000a0400000|100%| O|  |TAMS 0x00000000a0400000, 0x00000000a0300000| Untracked 
|   4|0x00000000a0400000, 0x00000000a0500000, 0x00000000a0500000|100%| O|  |TAMS 0x00000000a0500000, 0x00000000a0400000| Untracked 
|   5|0x00000000a0500000, 0x00000000a05f7400, 0x00000000a0600000| 96%| O|  |TAMS 0x00000000a05f7400, 0x00000000a0500000| Untracked 
|   6|0x00000000a0600000, 0x00000000a0600000, 0x00000000a0700000|  0%| F|  |TAMS 0x00000000a0600000, 0x00000000a0600000| Untracked 
|   7|0x00000000a0700000, 0x00000000a0700000, 0x00000000a0800000|  0%| F|  |TAMS 0x00000000a0700000, 0x00000000a0700000| Untracked 
|   8|0x00000000a0800000, 0x00000000a0800000, 0x00000000a0900000|  0%| F|  |TAMS 0x00000000a0800000, 0x00000000a0800000| Untracked 
|   9|0x00000000a0900000, 0x00000000a0900000, 0x00000000a0a00000|  0%| F|  |TAMS 0x00000000a0900000, 0x00000000a0900000| Untracked 
|  10|0x00000000a0a00000, 0x00000000a0a00000, 0x00000000a0b00000|  0%| F|  |TAMS 0x00000000a0a00000, 0x00000000a0a00000| Untracked 
|  11|0x00000000a0b00000, 0x00000000a0b00000, 0x00000000a0c00000|  0%| F|  |TAMS 0x00000000a0b00000, 0x00000000a0b00000| Untracked 
|  12|0x00000000a0c00000, 0x00000000a0c00000, 0x00000000a0d00000|  0%| F|  |TAMS 0x00000000a0c00000, 0x00000000a0c00000| Untracked 
|  13|0x00000000a0d00000, 0x00000000a0d00000, 0x00000000a0e00000|  0%| F|  |TAMS 0x00000000a0d00000, 0x00000000a0d00000| Untracked 
|  14|0x00000000a0e00000, 0x00000000a0e00000, 0x00000000a0f00000|  0%| F|  |TAMS 0x00000000a0e00000, 0x00000000a0e00000| Untracked 
|  15|0x00000000a0f00000, 0x00000000a0f00000, 0x00000000a1000000|  0%| F|  |TAMS 0x00000000a0f00000, 0x00000000a0f00000| Untracked 
|  16|0x00000000a1000000, 0x00000000a1000000, 0x00000000a1100000|  0%| F|  |TAMS 0x00000000a1000000, 0x00000000a1000000| Untracked 
|  17|0x00000000a1100000, 0x00000000a1100000, 0x00000000a1200000|  0%| F|  |TAMS 0x00000000a1100000, 0x00000000a1100000| Untracked 
|  18|0x00000000a1200000, 0x00000000a1200000, 0x00000000a1300000|  0%| F|  |TAMS 0x00000000a1200000, 0x00000000a1200000| Untracked 
|  19|0x00000000a1300000, 0x00000000a1300000, 0x00000000a1400000|  0%| F|  |TAMS 0x00000000a1300000, 0x00000000a1300000| Untracked 
|  20|0x00000000a1400000, 0x00000000a1400000, 0x00000000a1500000|  0%| F|  |TAMS 0x00000000a1400000, 0x00000000a1400000| Untracked 
|  21|0x00000000a1500000, 0x00000000a1500000, 0x00000000a1600000|  0%| F|  |TAMS 0x00000000a1500000, 0x00000000a1500000| Untracked 
|  22|0x00000000a1600000, 0x00000000a1600000, 0x00000000a1700000|  0%| F|  |TAMS 0x00000000a1600000, 0x00000000a1600000| Untracked 
|  23|0x00000000a1700000, 0x00000000a1700000, 0x00000000a1800000|  0%| F|  |TAMS 0x00000000a1700000, 0x00000000a1700000| Untracked 
|  24|0x00000000a1800000, 0x00000000a1800000, 0x00000000a1900000|  0%| F|  |TAMS 0x00000000a1800000, 0x00000000a1800000| Untracked 
|  25|0x00000000a1900000, 0x00000000a1900000, 0x00000000a1a00000|  0%| F|  |TAMS 0x00000000a1900000, 0x00000000a1900000| Untracked 
|  26|0x00000000a1a00000, 0x00000000a1a00000, 0x00000000a1b00000|  0%| F|  |TAMS 0x00000000a1a00000, 0x00000000a1a00000| Untracked 
|  27|0x00000000a1b00000, 0x00000000a1b00000, 0x00000000a1c00000|  0%| F|  |TAMS 0x00000000a1b00000, 0x00000000a1b00000| Untracked 
|  28|0x00000000a1c00000, 0x00000000a1c00000, 0x00000000a1d00000|  0%| F|  |TAMS 0x00000000a1c00000, 0x00000000a1c00000| Untracked 
|  29|0x00000000a1d00000, 0x00000000a1d00000, 0x00000000a1e00000|  0%| F|  |TAMS 0x00000000a1d00000, 0x00000000a1d00000| Untracked 
|  30|0x00000000a1e00000, 0x00000000a1e00000, 0x00000000a1f00000|  0%| F|  |TAMS 0x00000000a1e00000, 0x00000000a1e00000| Untracked 
|  31|0x00000000a1f00000, 0x00000000a1f00000, 0x00000000a2000000|  0%| F|  |TAMS 0x00000000a1f00000, 0x00000000a1f00000| Untracked 
|  32|0x00000000a2000000, 0x00000000a2000000, 0x00000000a2100000|  0%| F|  |TAMS 0x00000000a2000000, 0x00000000a2000000| Untracked 
|  33|0x00000000a2100000, 0x00000000a2100000, 0x00000000a2200000|  0%| F|  |TAMS 0x00000000a2100000, 0x00000000a2100000| Untracked 
|  34|0x00000000a2200000, 0x00000000a2200000, 0x00000000a2300000|  0%| F|  |TAMS 0x00000000a2200000, 0x00000000a2200000| Untracked 
|  35|0x00000000a2300000, 0x00000000a2300000, 0x00000000a2400000|  0%| F|  |TAMS 0x00000000a2300000, 0x00000000a2300000| Untracked 
|  36|0x00000000a2400000, 0x00000000a2400000, 0x00000000a2500000|  0%| F|  |TAMS 0x00000000a2400000, 0x00000000a2400000| Untracked 
|  37|0x00000000a2500000, 0x00000000a2500000, 0x00000000a2600000|  0%| F|  |TAMS 0x00000000a2500000, 0x00000000a2500000| Untracked 
|  38|0x00000000a2600000, 0x00000000a2600000, 0x00000000a2700000|  0%| F|  |TAMS 0x00000000a2600000, 0x00000000a2600000| Untracked 
|  39|0x00000000a2700000, 0x00000000a2700000, 0x00000000a2800000|  0%| F|  |TAMS 0x00000000a2700000, 0x00000000a2700000| Untracked 
|  40|0x00000000a2800000, 0x00000000a2800000, 0x00000000a2900000|  0%| F|  |TAMS 0x00000000a2800000, 0x00000000a2800000| Untracked 
|  41|0x00000000a2900000, 0x00000000a2900000, 0x00000000a2a00000|  0%| F|  |TAMS 0x00000000a2900000, 0x00000000a2900000| Untracked 
|  42|0x00000000a2a00000, 0x00000000a2a00000, 0x00000000a2b00000|  0%| F|  |TAMS 0x00000000a2a00000, 0x00000000a2a00000| Untracked 
|  43|0x00000000a2b00000, 0x00000000a2b00000, 0x00000000a2c00000|  0%| F|  |TAMS 0x00000000a2b00000, 0x00000000a2b00000| Untracked 
|  44|0x00000000a2c00000, 0x00000000a2c00000, 0x00000000a2d00000|  0%| F|  |TAMS 0x00000000a2c00000, 0x00000000a2c00000| Untracked 
|  45|0x00000000a2d00000, 0x00000000a2d00000, 0x00000000a2e00000|  0%| F|  |TAMS 0x00000000a2d00000, 0x00000000a2d00000| Untracked 
|  46|0x00000000a2e00000, 0x00000000a2e00000, 0x00000000a2f00000|  0%| F|  |TAMS 0x00000000a2e00000, 0x00000000a2e00000| Untracked 
|  47|0x00000000a2f00000, 0x00000000a2f00000, 0x00000000a3000000|  0%| F|  |TAMS 0x00000000a2f00000, 0x00000000a2f00000| Untracked 
|  48|0x00000000a3000000, 0x00000000a3000000, 0x00000000a3100000|  0%| F|  |TAMS 0x00000000a3000000, 0x00000000a3000000| Untracked 
|  49|0x00000000a3100000, 0x00000000a3100000, 0x00000000a3200000|  0%| F|  |TAMS 0x00000000a3100000, 0x00000000a3100000| Untracked 
|  50|0x00000000a3200000, 0x00000000a3200000, 0x00000000a3300000|  0%| F|  |TAMS 0x00000000a3200000, 0x00000000a3200000| Untracked 
|  51|0x00000000a3300000, 0x00000000a3300000, 0x00000000a3400000|  0%| F|  |TAMS 0x00000000a3300000, 0x00000000a3300000| Untracked 
|  52|0x00000000a3400000, 0x00000000a3400000, 0x00000000a3500000|  0%| F|  |TAMS 0x00000000a3400000, 0x00000000a3400000| Untracked 
|  53|0x00000000a3500000, 0x00000000a3500000, 0x00000000a3600000|  0%| F|  |TAMS 0x00000000a3500000, 0x00000000a3500000| Untracked 
|  54|0x00000000a3600000, 0x00000000a3600000, 0x00000000a3700000|  0%| F|  |TAMS 0x00000000a3600000, 0x00000000a3600000| Untracked 
|  55|0x00000000a3700000, 0x00000000a3700000, 0x00000000a3800000|  0%| F|  |TAMS 0x00000000a3700000, 0x00000000a3700000| Untracked 
|  56|0x00000000a3800000, 0x00000000a3800000, 0x00000000a3900000|  0%| F|  |TAMS 0x00000000a3800000, 0x00000000a3800000| Untracked 
|  57|0x00000000a3900000, 0x00000000a3900000, 0x00000000a3a00000|  0%| F|  |TAMS 0x00000000a3900000, 0x00000000a3900000| Untracked 
|  58|0x00000000a3a00000, 0x00000000a3a00000, 0x00000000a3b00000|  0%| F|  |TAMS 0x00000000a3a00000, 0x00000000a3a00000| Untracked 
|  59|0x00000000a3b00000, 0x00000000a3b00000, 0x00000000a3c00000|  0%| F|  |TAMS 0x00000000a3b00000, 0x00000000a3b00000| Untracked 
|  60|0x00000000a3c00000, 0x00000000a3c00000, 0x00000000a3d00000|  0%| F|  |TAMS 0x00000000a3c00000, 0x00000000a3c00000| Untracked 
|  61|0x00000000a3d00000, 0x00000000a3d00000, 0x00000000a3e00000|  0%| F|  |TAMS 0x00000000a3d00000, 0x00000000a3d00000| Untracked 
|  62|0x00000000a3e00000, 0x00000000a3e00000, 0x00000000a3f00000|  0%| F|  |TAMS 0x00000000a3e00000, 0x00000000a3e00000| Untracked 
|  63|0x00000000a3f00000, 0x00000000a3f00000, 0x00000000a4000000|  0%| F|  |TAMS 0x00000000a3f00000, 0x00000000a3f00000| Untracked 
|  64|0x00000000a4000000, 0x00000000a4000000, 0x00000000a4100000|  0%| F|  |TAMS 0x00000000a4000000, 0x00000000a4000000| Untracked 
|  65|0x00000000a4100000, 0x00000000a4100000, 0x00000000a4200000|  0%| F|  |TAMS 0x00000000a4100000, 0x00000000a4100000| Untracked 
|  66|0x00000000a4200000, 0x00000000a4200000, 0x00000000a4300000|  0%| F|  |TAMS 0x00000000a4200000, 0x00000000a4200000| Untracked 
|  67|0x00000000a4300000, 0x00000000a4300000, 0x00000000a4400000|  0%| F|  |TAMS 0x00000000a4300000, 0x00000000a4300000| Untracked 
|  68|0x00000000a4400000, 0x00000000a4400000, 0x00000000a4500000|  0%| F|  |TAMS 0x00000000a4400000, 0x00000000a4400000| Untracked 
|  69|0x00000000a4500000, 0x00000000a4500000, 0x00000000a4600000|  0%| F|  |TAMS 0x00000000a4500000, 0x00000000a4500000| Untracked 
|  70|0x00000000a4600000, 0x00000000a4600000, 0x00000000a4700000|  0%| F|  |TAMS 0x00000000a4600000, 0x00000000a4600000| Untracked 
|  71|0x00000000a4700000, 0x00000000a4700000, 0x00000000a4800000|  0%| F|  |TAMS 0x00000000a4700000, 0x00000000a4700000| Untracked 
|  72|0x00000000a4800000, 0x00000000a4800000, 0x00000000a4900000|  0%| F|  |TAMS 0x00000000a4800000, 0x00000000a4800000| Untracked 
|  73|0x00000000a4900000, 0x00000000a4900000, 0x00000000a4a00000|  0%| F|  |TAMS 0x00000000a4900000, 0x00000000a4900000| Untracked 
|  74|0x00000000a4a00000, 0x00000000a4a00000, 0x00000000a4b00000|  0%| F|  |TAMS 0x00000000a4a00000, 0x00000000a4a00000| Untracked 
|  75|0x00000000a4b00000, 0x00000000a4b00000, 0x00000000a4c00000|  0%| F|  |TAMS 0x00000000a4b00000, 0x00000000a4b00000| Untracked 
|  76|0x00000000a4c00000, 0x00000000a4c00000, 0x00000000a4d00000|  0%| F|  |TAMS 0x00000000a4c00000, 0x00000000a4c00000| Untracked 
|  77|0x00000000a4d00000, 0x00000000a4d00000, 0x00000000a4e00000|  0%| F|  |TAMS 0x00000000a4d00000, 0x00000000a4d00000| Untracked 
|  78|0x00000000a4e00000, 0x00000000a4e00000, 0x00000000a4f00000|  0%| F|  |TAMS 0x00000000a4e00000, 0x00000000a4e00000| Untracked 
|  79|0x00000000a4f00000, 0x00000000a4f00000, 0x00000000a5000000|  0%| F|  |TAMS 0x00000000a4f00000, 0x00000000a4f00000| Untracked 
|  80|0x00000000a5000000, 0x00000000a5000000, 0x00000000a5100000|  0%| F|  |TAMS 0x00000000a5000000, 0x00000000a5000000| Untracked 
|  81|0x00000000a5100000, 0x00000000a5100000, 0x00000000a5200000|  0%| F|  |TAMS 0x00000000a5100000, 0x00000000a5100000| Untracked 
|  82|0x00000000a5200000, 0x00000000a5200000, 0x00000000a5300000|  0%| F|  |TAMS 0x00000000a5200000, 0x00000000a5200000| Untracked 
|  83|0x00000000a5300000, 0x00000000a5300000, 0x00000000a5400000|  0%| F|  |TAMS 0x00000000a5300000, 0x00000000a5300000| Untracked 
|  84|0x00000000a5400000, 0x00000000a5400000, 0x00000000a5500000|  0%| F|  |TAMS 0x00000000a5400000, 0x00000000a5400000| Untracked 
|  85|0x00000000a5500000, 0x00000000a5500000, 0x00000000a5600000|  0%| F|  |TAMS 0x00000000a5500000, 0x00000000a5500000| Untracked 
|  86|0x00000000a5600000, 0x00000000a5600000, 0x00000000a5700000|  0%| F|  |TAMS 0x00000000a5600000, 0x00000000a5600000| Untracked 
|  87|0x00000000a5700000, 0x00000000a5700000, 0x00000000a5800000|  0%| F|  |TAMS 0x00000000a5700000, 0x00000000a5700000| Untracked 
|  88|0x00000000a5800000, 0x00000000a5800000, 0x00000000a5900000|  0%| F|  |TAMS 0x00000000a5800000, 0x00000000a5800000| Untracked 
|  89|0x00000000a5900000, 0x00000000a5900000, 0x00000000a5a00000|  0%| F|  |TAMS 0x00000000a5900000, 0x00000000a5900000| Untracked 
|  90|0x00000000a5a00000, 0x00000000a5a00000, 0x00000000a5b00000|  0%| F|  |TAMS 0x00000000a5a00000, 0x00000000a5a00000| Untracked 
|  91|0x00000000a5b00000, 0x00000000a5b00000, 0x00000000a5c00000|  0%| F|  |TAMS 0x00000000a5b00000, 0x00000000a5b00000| Untracked 
|  92|0x00000000a5c00000, 0x00000000a5c00000, 0x00000000a5d00000|  0%| F|  |TAMS 0x00000000a5c00000, 0x00000000a5c00000| Untracked 
|  93|0x00000000a5d00000, 0x00000000a5d00000, 0x00000000a5e00000|  0%| F|  |TAMS 0x00000000a5d00000, 0x00000000a5d00000| Untracked 
|  94|0x00000000a5e00000, 0x00000000a5e00000, 0x00000000a5f00000|  0%| F|  |TAMS 0x00000000a5e00000, 0x00000000a5e00000| Untracked 
|  95|0x00000000a5f00000, 0x00000000a5f00000, 0x00000000a6000000|  0%| F|  |TAMS 0x00000000a5f00000, 0x00000000a5f00000| Untracked 
|  96|0x00000000a6000000, 0x00000000a6000000, 0x00000000a6100000|  0%| F|  |TAMS 0x00000000a6000000, 0x00000000a6000000| Untracked 
|  97|0x00000000a6100000, 0x00000000a6100000, 0x00000000a6200000|  0%| F|  |TAMS 0x00000000a6100000, 0x00000000a6100000| Untracked 
|  98|0x00000000a6200000, 0x00000000a6200000, 0x00000000a6300000|  0%| F|  |TAMS 0x00000000a6200000, 0x00000000a6200000| Untracked 
|  99|0x00000000a6300000, 0x00000000a6300000, 0x00000000a6400000|  0%| F|  |TAMS 0x00000000a6300000, 0x00000000a6300000| Untracked 
| 100|0x00000000a6400000, 0x00000000a6400000, 0x00000000a6500000|  0%| F|  |TAMS 0x00000000a6400000, 0x00000000a6400000| Untracked 
| 101|0x00000000a6500000, 0x00000000a6500000, 0x00000000a6600000|  0%| F|  |TAMS 0x00000000a6500000, 0x00000000a6500000| Untracked 
| 102|0x00000000a6600000, 0x00000000a6600000, 0x00000000a6700000|  0%| F|  |TAMS 0x00000000a6600000, 0x00000000a6600000| Untracked 
| 103|0x00000000a6700000, 0x00000000a6700000, 0x00000000a6800000|  0%| F|  |TAMS 0x00000000a6700000, 0x00000000a6700000| Untracked 
| 104|0x00000000a6800000, 0x00000000a6800000, 0x00000000a6900000|  0%| F|  |TAMS 0x00000000a6800000, 0x00000000a6800000| Untracked 
| 105|0x00000000a6900000, 0x00000000a6900000, 0x00000000a6a00000|  0%| F|  |TAMS 0x00000000a6900000, 0x00000000a6900000| Untracked 
| 106|0x00000000a6a00000, 0x00000000a6a00000, 0x00000000a6b00000|  0%| F|  |TAMS 0x00000000a6a00000, 0x00000000a6a00000| Untracked 
| 107|0x00000000a6b00000, 0x00000000a6b00000, 0x00000000a6c00000|  0%| F|  |TAMS 0x00000000a6b00000, 0x00000000a6b00000| Untracked 
| 108|0x00000000a6c00000, 0x00000000a6c00000, 0x00000000a6d00000|  0%| F|  |TAMS 0x00000000a6c00000, 0x00000000a6c00000| Untracked 
| 109|0x00000000a6d00000, 0x00000000a6d00000, 0x00000000a6e00000|  0%| F|  |TAMS 0x00000000a6d00000, 0x00000000a6d00000| Untracked 
| 110|0x00000000a6e00000, 0x00000000a6e00000, 0x00000000a6f00000|  0%| F|  |TAMS 0x00000000a6e00000, 0x00000000a6e00000| Untracked 
| 111|0x00000000a6f00000, 0x00000000a6f00000, 0x00000000a7000000|  0%| F|  |TAMS 0x00000000a6f00000, 0x00000000a6f00000| Untracked 
| 112|0x00000000a7000000, 0x00000000a7000000, 0x00000000a7100000|  0%| F|  |TAMS 0x00000000a7000000, 0x00000000a7000000| Untracked 
| 113|0x00000000a7100000, 0x00000000a7100000, 0x00000000a7200000|  0%| F|  |TAMS 0x00000000a7100000, 0x00000000a7100000| Untracked 
| 114|0x00000000a7200000, 0x00000000a7200000, 0x00000000a7300000|  0%| F|  |TAMS 0x00000000a7200000, 0x00000000a7200000| Untracked 
| 115|0x00000000a7300000, 0x00000000a7300000, 0x00000000a7400000|  0%| F|  |TAMS 0x00000000a7300000, 0x00000000a7300000| Untracked 
| 116|0x00000000a7400000, 0x00000000a7400000, 0x00000000a7500000|  0%| F|  |TAMS 0x00000000a7400000, 0x00000000a7400000| Untracked 
| 117|0x00000000a7500000, 0x00000000a7500000, 0x00000000a7600000|  0%| F|  |TAMS 0x00000000a7500000, 0x00000000a7500000| Untracked 
| 118|0x00000000a7600000, 0x00000000a7600000, 0x00000000a7700000|  0%| F|  |TAMS 0x00000000a7600000, 0x00000000a7600000| Untracked 
| 119|0x00000000a7700000, 0x00000000a7700000, 0x00000000a7800000|  0%| F|  |TAMS 0x00000000a7700000, 0x00000000a7700000| Untracked 
| 120|0x00000000a7800000, 0x00000000a7800000, 0x00000000a7900000|  0%| F|  |TAMS 0x00000000a7800000, 0x00000000a7800000| Untracked 
| 121|0x00000000a7900000, 0x00000000a79f03c8, 0x00000000a7a00000| 93%| S|CS|TAMS 0x00000000a7900000, 0x00000000a7900000| Complete 
| 122|0x00000000a7a00000, 0x00000000a7b00000, 0x00000000a7b00000|100%| S|CS|TAMS 0x00000000a7a00000, 0x00000000a7a00000| Complete 
| 123|0x00000000a7b00000, 0x00000000a7c00000, 0x00000000a7c00000|100%| S|CS|TAMS 0x00000000a7b00000, 0x00000000a7b00000| Complete 
| 124|0x00000000a7c00000, 0x00000000a7d00000, 0x00000000a7d00000|100%| S|CS|TAMS 0x00000000a7c00000, 0x00000000a7c00000| Complete 
| 125|0x00000000a7d00000, 0x00000000a7e00000, 0x00000000a7e00000|100%| S|CS|TAMS 0x00000000a7d00000, 0x00000000a7d00000| Complete 
| 126|0x00000000a7e00000, 0x00000000a7f00000, 0x00000000a7f00000|100%| S|CS|TAMS 0x00000000a7e00000, 0x00000000a7e00000| Complete 
| 127|0x00000000a7f00000, 0x00000000a8000000, 0x00000000a8000000|100%| S|CS|TAMS 0x00000000a7f00000, 0x00000000a7f00000| Complete 
| 128|0x00000000a8000000, 0x00000000a8100000, 0x00000000a8100000|100%| S|CS|TAMS 0x00000000a8000000, 0x00000000a8000000| Complete 
| 129|0x00000000a8100000, 0x00000000a8200000, 0x00000000a8200000|100%| S|CS|TAMS 0x00000000a8100000, 0x00000000a8100000| Complete 
| 130|0x00000000a8200000, 0x00000000a8300000, 0x00000000a8300000|100%| S|CS|TAMS 0x00000000a8200000, 0x00000000a8200000| Complete 
| 131|0x00000000a8300000, 0x00000000a8400000, 0x00000000a8400000|100%| S|CS|TAMS 0x00000000a8300000, 0x00000000a8300000| Complete 
| 132|0x00000000a8400000, 0x00000000a8400000, 0x00000000a8500000|  0%| F|  |TAMS 0x00000000a8400000, 0x00000000a8400000| Untracked 
| 133|0x00000000a8500000, 0x00000000a8500000, 0x00000000a8600000|  0%| F|  |TAMS 0x00000000a8500000, 0x00000000a8500000| Untracked 
| 134|0x00000000a8600000, 0x00000000a8600000, 0x00000000a8700000|  0%| F|  |TAMS 0x00000000a8600000, 0x00000000a8600000| Untracked 
| 135|0x00000000a8700000, 0x00000000a8700000, 0x00000000a8800000|  0%| F|  |TAMS 0x00000000a8700000, 0x00000000a8700000| Untracked 
| 136|0x00000000a8800000, 0x00000000a8800000, 0x00000000a8900000|  0%| F|  |TAMS 0x00000000a8800000, 0x00000000a8800000| Untracked 
| 137|0x00000000a8900000, 0x00000000a8900000, 0x00000000a8a00000|  0%| F|  |TAMS 0x00000000a8900000, 0x00000000a8900000| Untracked 
| 138|0x00000000a8a00000, 0x00000000a8a00000, 0x00000000a8b00000|  0%| F|  |TAMS 0x00000000a8a00000, 0x00000000a8a00000| Untracked 
| 139|0x00000000a8b00000, 0x00000000a8b00000, 0x00000000a8c00000|  0%| F|  |TAMS 0x00000000a8b00000, 0x00000000a8b00000| Untracked 
| 140|0x00000000a8c00000, 0x00000000a8c00000, 0x00000000a8d00000|  0%| F|  |TAMS 0x00000000a8c00000, 0x00000000a8c00000| Untracked 
| 141|0x00000000a8d00000, 0x00000000a8d00000, 0x00000000a8e00000|  0%| F|  |TAMS 0x00000000a8d00000, 0x00000000a8d00000| Untracked 
| 142|0x00000000a8e00000, 0x00000000a8e00000, 0x00000000a8f00000|  0%| F|  |TAMS 0x00000000a8e00000, 0x00000000a8e00000| Untracked 
| 143|0x00000000a8f00000, 0x00000000a8f00000, 0x00000000a9000000|  0%| F|  |TAMS 0x00000000a8f00000, 0x00000000a8f00000| Untracked 
| 144|0x00000000a9000000, 0x00000000a9000000, 0x00000000a9100000|  0%| F|  |TAMS 0x00000000a9000000, 0x00000000a9000000| Untracked 
| 145|0x00000000a9100000, 0x00000000a9100000, 0x00000000a9200000|  0%| F|  |TAMS 0x00000000a9100000, 0x00000000a9100000| Untracked 
| 146|0x00000000a9200000, 0x00000000a9200000, 0x00000000a9300000|  0%| F|  |TAMS 0x00000000a9200000, 0x00000000a9200000| Untracked 
| 147|0x00000000a9300000, 0x00000000a9300000, 0x00000000a9400000|  0%| F|  |TAMS 0x00000000a9300000, 0x00000000a9300000| Untracked 
| 148|0x00000000a9400000, 0x00000000a9400000, 0x00000000a9500000|  0%| F|  |TAMS 0x00000000a9400000, 0x00000000a9400000| Untracked 
| 149|0x00000000a9500000, 0x00000000a9500000, 0x00000000a9600000|  0%| F|  |TAMS 0x00000000a9500000, 0x00000000a9500000| Untracked 
| 150|0x00000000a9600000, 0x00000000a9600000, 0x00000000a9700000|  0%| F|  |TAMS 0x00000000a9600000, 0x00000000a9600000| Untracked 
| 151|0x00000000a9700000, 0x00000000a9700000, 0x00000000a9800000|  0%| F|  |TAMS 0x00000000a9700000, 0x00000000a9700000| Untracked 
| 152|0x00000000a9800000, 0x00000000a9800000, 0x00000000a9900000|  0%| F|  |TAMS 0x00000000a9800000, 0x00000000a9800000| Untracked 
| 153|0x00000000a9900000, 0x00000000a9900000, 0x00000000a9a00000|  0%| F|  |TAMS 0x00000000a9900000, 0x00000000a9900000| Untracked 
| 154|0x00000000a9a00000, 0x00000000a9a00000, 0x00000000a9b00000|  0%| F|  |TAMS 0x00000000a9a00000, 0x00000000a9a00000| Untracked 
| 155|0x00000000a9b00000, 0x00000000a9b00000, 0x00000000a9c00000|  0%| F|  |TAMS 0x00000000a9b00000, 0x00000000a9b00000| Untracked 
| 156|0x00000000a9c00000, 0x00000000a9c00000, 0x00000000a9d00000|  0%| F|  |TAMS 0x00000000a9c00000, 0x00000000a9c00000| Untracked 
| 157|0x00000000a9d00000, 0x00000000a9d00000, 0x00000000a9e00000|  0%| F|  |TAMS 0x00000000a9d00000, 0x00000000a9d00000| Untracked 
| 158|0x00000000a9e00000, 0x00000000a9e00000, 0x00000000a9f00000|  0%| F|  |TAMS 0x00000000a9e00000, 0x00000000a9e00000| Untracked 
| 159|0x00000000a9f00000, 0x00000000a9f00000, 0x00000000aa000000|  0%| F|  |TAMS 0x00000000a9f00000, 0x00000000a9f00000| Untracked 
| 160|0x00000000aa000000, 0x00000000aa000000, 0x00000000aa100000|  0%| F|  |TAMS 0x00000000aa000000, 0x00000000aa000000| Untracked 
| 161|0x00000000aa100000, 0x00000000aa100000, 0x00000000aa200000|  0%| F|  |TAMS 0x00000000aa100000, 0x00000000aa100000| Untracked 
| 162|0x00000000aa200000, 0x00000000aa200000, 0x00000000aa300000|  0%| F|  |TAMS 0x00000000aa200000, 0x00000000aa200000| Untracked 
| 163|0x00000000aa300000, 0x00000000aa300000, 0x00000000aa400000|  0%| F|  |TAMS 0x00000000aa300000, 0x00000000aa300000| Untracked 
| 164|0x00000000aa400000, 0x00000000aa400000, 0x00000000aa500000|  0%| F|  |TAMS 0x00000000aa400000, 0x00000000aa400000| Untracked 
| 165|0x00000000aa500000, 0x00000000aa500000, 0x00000000aa600000|  0%| F|  |TAMS 0x00000000aa500000, 0x00000000aa500000| Untracked 
| 166|0x00000000aa600000, 0x00000000aa600000, 0x00000000aa700000|  0%| F|  |TAMS 0x00000000aa600000, 0x00000000aa600000| Untracked 
| 167|0x00000000aa700000, 0x00000000aa700000, 0x00000000aa800000|  0%| F|  |TAMS 0x00000000aa700000, 0x00000000aa700000| Untracked 
| 168|0x00000000aa800000, 0x00000000aa800000, 0x00000000aa900000|  0%| F|  |TAMS 0x00000000aa800000, 0x00000000aa800000| Untracked 
| 169|0x00000000aa900000, 0x00000000aa900000, 0x00000000aaa00000|  0%| F|  |TAMS 0x00000000aa900000, 0x00000000aa900000| Untracked 
| 170|0x00000000aaa00000, 0x00000000aaa00000, 0x00000000aab00000|  0%| F|  |TAMS 0x00000000aaa00000, 0x00000000aaa00000| Untracked 
| 171|0x00000000aab00000, 0x00000000aab00000, 0x00000000aac00000|  0%| F|  |TAMS 0x00000000aab00000, 0x00000000aab00000| Untracked 
| 172|0x00000000aac00000, 0x00000000aac00000, 0x00000000aad00000|  0%| F|  |TAMS 0x00000000aac00000, 0x00000000aac00000| Untracked 
| 173|0x00000000aad00000, 0x00000000aad00000, 0x00000000aae00000|  0%| F|  |TAMS 0x00000000aad00000, 0x00000000aad00000| Untracked 
| 174|0x00000000aae00000, 0x00000000aae00000, 0x00000000aaf00000|  0%| F|  |TAMS 0x00000000aae00000, 0x00000000aae00000| Untracked 
| 175|0x00000000aaf00000, 0x00000000aaf00000, 0x00000000ab000000|  0%| F|  |TAMS 0x00000000aaf00000, 0x00000000aaf00000| Untracked 
| 176|0x00000000ab000000, 0x00000000ab000000, 0x00000000ab100000|  0%| F|  |TAMS 0x00000000ab000000, 0x00000000ab000000| Untracked 
| 177|0x00000000ab100000, 0x00000000ab100000, 0x00000000ab200000|  0%| F|  |TAMS 0x00000000ab100000, 0x00000000ab100000| Untracked 
| 178|0x00000000ab200000, 0x00000000ab200000, 0x00000000ab300000|  0%| F|  |TAMS 0x00000000ab200000, 0x00000000ab200000| Untracked 
| 179|0x00000000ab300000, 0x00000000ab300000, 0x00000000ab400000|  0%| F|  |TAMS 0x00000000ab300000, 0x00000000ab300000| Untracked 
| 180|0x00000000ab400000, 0x00000000ab400000, 0x00000000ab500000|  0%| F|  |TAMS 0x00000000ab400000, 0x00000000ab400000| Untracked 
| 181|0x00000000ab500000, 0x00000000ab500000, 0x00000000ab600000|  0%| F|  |TAMS 0x00000000ab500000, 0x00000000ab500000| Untracked 
| 182|0x00000000ab600000, 0x00000000ab600000, 0x00000000ab700000|  0%| F|  |TAMS 0x00000000ab600000, 0x00000000ab600000| Untracked 
| 183|0x00000000ab700000, 0x00000000ab700000, 0x00000000ab800000|  0%| F|  |TAMS 0x00000000ab700000, 0x00000000ab700000| Untracked 
| 184|0x00000000ab800000, 0x00000000ab800000, 0x00000000ab900000|  0%| F|  |TAMS 0x00000000ab800000, 0x00000000ab800000| Untracked 
| 185|0x00000000ab900000, 0x00000000ab900000, 0x00000000aba00000|  0%| F|  |TAMS 0x00000000ab900000, 0x00000000ab900000| Untracked 
| 186|0x00000000aba00000, 0x00000000aba00000, 0x00000000abb00000|  0%| F|  |TAMS 0x00000000aba00000, 0x00000000aba00000| Untracked 
| 187|0x00000000abb00000, 0x00000000abb00000, 0x00000000abc00000|  0%| F|  |TAMS 0x00000000abb00000, 0x00000000abb00000| Untracked 
| 188|0x00000000abc00000, 0x00000000abc00000, 0x00000000abd00000|  0%| F|  |TAMS 0x00000000abc00000, 0x00000000abc00000| Untracked 
| 189|0x00000000abd00000, 0x00000000abd00000, 0x00000000abe00000|  0%| F|  |TAMS 0x00000000abd00000, 0x00000000abd00000| Untracked 
| 190|0x00000000abe00000, 0x00000000abe00000, 0x00000000abf00000|  0%| F|  |TAMS 0x00000000abe00000, 0x00000000abe00000| Untracked 
| 191|0x00000000abf00000, 0x00000000abf00000, 0x00000000ac000000|  0%| F|  |TAMS 0x00000000abf00000, 0x00000000abf00000| Untracked 
| 192|0x00000000ac000000, 0x00000000ac000000, 0x00000000ac100000|  0%| F|  |TAMS 0x00000000ac000000, 0x00000000ac000000| Untracked 
| 193|0x00000000ac100000, 0x00000000ac100000, 0x00000000ac200000|  0%| F|  |TAMS 0x00000000ac100000, 0x00000000ac100000| Untracked 
| 194|0x00000000ac200000, 0x00000000ac200000, 0x00000000ac300000|  0%| F|  |TAMS 0x00000000ac200000, 0x00000000ac200000| Untracked 
| 195|0x00000000ac300000, 0x00000000ac300000, 0x00000000ac400000|  0%| F|  |TAMS 0x00000000ac300000, 0x00000000ac300000| Untracked 
| 196|0x00000000ac400000, 0x00000000ac400000, 0x00000000ac500000|  0%| F|  |TAMS 0x00000000ac400000, 0x00000000ac400000| Untracked 
| 197|0x00000000ac500000, 0x00000000ac500000, 0x00000000ac600000|  0%| F|  |TAMS 0x00000000ac500000, 0x00000000ac500000| Untracked 
| 198|0x00000000ac600000, 0x00000000ac600000, 0x00000000ac700000|  0%| F|  |TAMS 0x00000000ac600000, 0x00000000ac600000| Untracked 
| 199|0x00000000ac700000, 0x00000000ac700000, 0x00000000ac800000|  0%| F|  |TAMS 0x00000000ac700000, 0x00000000ac700000| Untracked 
| 200|0x00000000ac800000, 0x00000000ac800000, 0x00000000ac900000|  0%| F|  |TAMS 0x00000000ac800000, 0x00000000ac800000| Untracked 
| 201|0x00000000ac900000, 0x00000000ac900000, 0x00000000aca00000|  0%| F|  |TAMS 0x00000000ac900000, 0x00000000ac900000| Untracked 
| 202|0x00000000aca00000, 0x00000000aca00000, 0x00000000acb00000|  0%| F|  |TAMS 0x00000000aca00000, 0x00000000aca00000| Untracked 
| 203|0x00000000acb00000, 0x00000000acb00000, 0x00000000acc00000|  0%| F|  |TAMS 0x00000000acb00000, 0x00000000acb00000| Untracked 
| 204|0x00000000acc00000, 0x00000000acc00000, 0x00000000acd00000|  0%| F|  |TAMS 0x00000000acc00000, 0x00000000acc00000| Untracked 
| 205|0x00000000acd00000, 0x00000000acd00000, 0x00000000ace00000|  0%| F|  |TAMS 0x00000000acd00000, 0x00000000acd00000| Untracked 
| 206|0x00000000ace00000, 0x00000000ace00000, 0x00000000acf00000|  0%| F|  |TAMS 0x00000000ace00000, 0x00000000ace00000| Untracked 
| 207|0x00000000acf00000, 0x00000000acf00000, 0x00000000ad000000|  0%| F|  |TAMS 0x00000000acf00000, 0x00000000acf00000| Untracked 
| 208|0x00000000ad000000, 0x00000000ad000000, 0x00000000ad100000|  0%| F|  |TAMS 0x00000000ad000000, 0x00000000ad000000| Untracked 
| 209|0x00000000ad100000, 0x00000000ad100000, 0x00000000ad200000|  0%| F|  |TAMS 0x00000000ad100000, 0x00000000ad100000| Untracked 
| 210|0x00000000ad200000, 0x00000000ad200000, 0x00000000ad300000|  0%| F|  |TAMS 0x00000000ad200000, 0x00000000ad200000| Untracked 
| 211|0x00000000ad300000, 0x00000000ad300000, 0x00000000ad400000|  0%| F|  |TAMS 0x00000000ad300000, 0x00000000ad300000| Untracked 
| 212|0x00000000ad400000, 0x00000000ad400000, 0x00000000ad500000|  0%| F|  |TAMS 0x00000000ad400000, 0x00000000ad400000| Untracked 
| 213|0x00000000ad500000, 0x00000000ad500000, 0x00000000ad600000|  0%| F|  |TAMS 0x00000000ad500000, 0x00000000ad500000| Untracked 
| 214|0x00000000ad600000, 0x00000000ad600000, 0x00000000ad700000|  0%| F|  |TAMS 0x00000000ad600000, 0x00000000ad600000| Untracked 
| 215|0x00000000ad700000, 0x00000000ad700000, 0x00000000ad800000|  0%| F|  |TAMS 0x00000000ad700000, 0x00000000ad700000| Untracked 
| 216|0x00000000ad800000, 0x00000000ad800000, 0x00000000ad900000|  0%| F|  |TAMS 0x00000000ad800000, 0x00000000ad800000| Untracked 
| 217|0x00000000ad900000, 0x00000000ad900000, 0x00000000ada00000|  0%| F|  |TAMS 0x00000000ad900000, 0x00000000ad900000| Untracked 
| 218|0x00000000ada00000, 0x00000000ada00000, 0x00000000adb00000|  0%| F|  |TAMS 0x00000000ada00000, 0x00000000ada00000| Untracked 
| 219|0x00000000adb00000, 0x00000000adb00000, 0x00000000adc00000|  0%| F|  |TAMS 0x00000000adb00000, 0x00000000adb00000| Untracked 
| 220|0x00000000adc00000, 0x00000000adc00000, 0x00000000add00000|  0%| F|  |TAMS 0x00000000adc00000, 0x00000000adc00000| Untracked 
| 221|0x00000000add00000, 0x00000000addf3de0, 0x00000000ade00000| 95%| E|  |TAMS 0x00000000add00000, 0x00000000add00000| Complete 
| 222|0x00000000ade00000, 0x00000000adf00000, 0x00000000adf00000|100%| E|CS|TAMS 0x00000000ade00000, 0x00000000ade00000| Complete 
| 223|0x00000000adf00000, 0x00000000ae000000, 0x00000000ae000000|100%| E|CS|TAMS 0x00000000adf00000, 0x00000000adf00000| Complete 
| 224|0x00000000ae000000, 0x00000000ae100000, 0x00000000ae100000|100%| E|CS|TAMS 0x00000000ae000000, 0x00000000ae000000| Complete 
| 225|0x00000000ae100000, 0x00000000ae200000, 0x00000000ae200000|100%| E|CS|TAMS 0x00000000ae100000, 0x00000000ae100000| Complete 
| 226|0x00000000ae200000, 0x00000000ae300000, 0x00000000ae300000|100%| E|CS|TAMS 0x00000000ae200000, 0x00000000ae200000| Complete 
| 227|0x00000000ae300000, 0x00000000ae400000, 0x00000000ae400000|100%| E|CS|TAMS 0x00000000ae300000, 0x00000000ae300000| Complete 
| 228|0x00000000ae400000, 0x00000000ae500000, 0x00000000ae500000|100%| E|CS|TAMS 0x00000000ae400000, 0x00000000ae400000| Complete 
| 229|0x00000000ae500000, 0x00000000ae600000, 0x00000000ae600000|100%| E|CS|TAMS 0x00000000ae500000, 0x00000000ae500000| Complete 
| 230|0x00000000ae600000, 0x00000000ae700000, 0x00000000ae700000|100%| E|CS|TAMS 0x00000000ae600000, 0x00000000ae600000| Complete 
| 231|0x00000000ae700000, 0x00000000ae800000, 0x00000000ae800000|100%| E|CS|TAMS 0x00000000ae700000, 0x00000000ae700000| Complete 
| 232|0x00000000ae800000, 0x00000000ae900000, 0x00000000ae900000|100%| E|CS|TAMS 0x00000000ae800000, 0x00000000ae800000| Complete 
| 233|0x00000000ae900000, 0x00000000aea00000, 0x00000000aea00000|100%| E|CS|TAMS 0x00000000ae900000, 0x00000000ae900000| Complete 
| 234|0x00000000aea00000, 0x00000000aeb00000, 0x00000000aeb00000|100%| E|CS|TAMS 0x00000000aea00000, 0x00000000aea00000| Complete 
| 235|0x00000000aeb00000, 0x00000000aec00000, 0x00000000aec00000|100%| E|CS|TAMS 0x00000000aeb00000, 0x00000000aeb00000| Complete 
| 236|0x00000000aec00000, 0x00000000aed00000, 0x00000000aed00000|100%| E|CS|TAMS 0x00000000aec00000, 0x00000000aec00000| Complete 
| 237|0x00000000aed00000, 0x00000000aee00000, 0x00000000aee00000|100%| E|CS|TAMS 0x00000000aed00000, 0x00000000aed00000| Complete 
| 238|0x00000000aee00000, 0x00000000aef00000, 0x00000000aef00000|100%| E|CS|TAMS 0x00000000aee00000, 0x00000000aee00000| Complete 
| 239|0x00000000aef00000, 0x00000000af000000, 0x00000000af000000|100%| E|CS|TAMS 0x00000000aef00000, 0x00000000aef00000| Complete 
| 240|0x00000000af000000, 0x00000000af100000, 0x00000000af100000|100%| E|CS|TAMS 0x00000000af000000, 0x00000000af000000| Complete 
| 241|0x00000000af100000, 0x00000000af200000, 0x00000000af200000|100%| E|CS|TAMS 0x00000000af100000, 0x00000000af100000| Complete 
| 242|0x00000000af200000, 0x00000000af300000, 0x00000000af300000|100%| E|CS|TAMS 0x00000000af200000, 0x00000000af200000| Complete 
| 243|0x00000000af300000, 0x00000000af400000, 0x00000000af400000|100%| E|CS|TAMS 0x00000000af300000, 0x00000000af300000| Complete 
| 244|0x00000000af400000, 0x00000000af500000, 0x00000000af500000|100%| E|CS|TAMS 0x00000000af400000, 0x00000000af400000| Complete 
| 245|0x00000000af500000, 0x00000000af600000, 0x00000000af600000|100%| E|CS|TAMS 0x00000000af500000, 0x00000000af500000| Complete 
| 246|0x00000000af600000, 0x00000000af700000, 0x00000000af700000|100%| E|CS|TAMS 0x00000000af600000, 0x00000000af600000| Complete 
| 247|0x00000000af700000, 0x00000000af800000, 0x00000000af800000|100%| E|CS|TAMS 0x00000000af700000, 0x00000000af700000| Complete 
| 248|0x00000000af800000, 0x00000000af900000, 0x00000000af900000|100%| E|CS|TAMS 0x00000000af800000, 0x00000000af800000| Complete 
| 249|0x00000000af900000, 0x00000000afa00000, 0x00000000afa00000|100%| E|CS|TAMS 0x00000000af900000, 0x00000000af900000| Complete 
| 250|0x00000000afa00000, 0x00000000afb00000, 0x00000000afb00000|100%| E|CS|TAMS 0x00000000afa00000, 0x00000000afa00000| Complete 
| 251|0x00000000afb00000, 0x00000000afc00000, 0x00000000afc00000|100%| E|CS|TAMS 0x00000000afb00000, 0x00000000afb00000| Complete 
| 252|0x00000000afc00000, 0x00000000afd00000, 0x00000000afd00000|100%| E|CS|TAMS 0x00000000afc00000, 0x00000000afc00000| Complete 
| 253|0x00000000afd00000, 0x00000000afe00000, 0x00000000afe00000|100%| E|CS|TAMS 0x00000000afd00000, 0x00000000afd00000| Complete 

Card table byte_map: [0x000001f4fc0e0000,0x000001f4fc3e0000] _byte_map_base: 0x000001f4fbbe0000

Marking Bits (Prev, Next): (CMBitMap*) 0x000001f4e1f54f30, (CMBitMap*) 0x000001f4e1f54ef8
 Prev Bits: [0x000001f4fdee0000, 0x000001f4ff6e0000)
 Next Bits: [0x000001f4fc6e0000, 0x000001f4fdee0000)

Polling page: 0x000001f4e1ff0000

Metaspace:

Usage:
  Non-class:     20.52 MB capacity,    20.08 MB ( 98%) used,   401.16 KB (  2%) free+waste,    42.13 KB ( <1%) overhead. 
      Class:      3.11 MB capacity,     2.93 MB ( 94%) used,   171.40 KB (  5%) free+waste,    20.94 KB ( <1%) overhead. 
       Both:     23.63 MB capacity,    23.01 MB ( 97%) used,   572.56 KB (  2%) free+waste,    63.06 KB ( <1%) overhead. 

Virtual space:
  Non-class space:       22.00 MB reserved,      20.67 MB ( 94%) committed 
      Class space:        1.00 GB reserved,       3.13 MB ( <1%) committed 
             Both:        1.02 GB reserved,      23.80 MB (  2%) committed 

Chunk freelists:
   Non-Class:  96.00 KB
       Class:  11.00 KB
        Both:  107.00 KB

MaxMetaspaceSize: 17179869184.00 GB
CompressedClassSpaceSize: 1.00 GB
Initial GC threshold: 20.80 MB
Current GC threshold: 35.08 MB
CDS: off

CodeHeap 'non-profiled nmethods': size=119168Kb used=1225Kb max_used=1225Kb free=117942Kb
 bounds [0x000001f4f39c0000, 0x000001f4f3c30000, 0x000001f4fae20000]
CodeHeap 'profiled nmethods': size=119168Kb used=4959Kb max_used=4959Kb free=114209Kb
 bounds [0x000001f4ec560000, 0x000001f4eca40000, 0x000001f4f39c0000]
CodeHeap 'non-nmethods': size=7424Kb used=2902Kb max_used=2918Kb free=4521Kb
 bounds [0x000001f4ebe20000, 0x000001f4ec100000, 0x000001f4ec560000]
 total_blobs=2814 nmethods=2327 adapters=396
 compilation: enabled
              stopped_count=0, restarted_count=0
 full_count=0

Compilation events (20 events):
Event: 4.252 Thread 0x000001f483006800 nmethod 2307 0x000001f4eca2e710 code [0x000001f4eca2e8c0, 0x000001f4eca2e9d8]
Event: 4.252 Thread 0x000001f48463b000 2309       3       java.security.MessageDigest::update (14 bytes)
Event: 4.252 Thread 0x000001f48463b000 nmethod 2309 0x000001f4eca2ea90 code [0x000001f4eca2ec40, 0x000001f4eca2ee28]
Event: 4.252 Thread 0x000001f4853c0000 2310       3       java.util.Collections$EmptySet::iterator (4 bytes)
Event: 4.252 Thread 0x000001f4853c0000 nmethod 2310 0x000001f4eca2ef10 code [0x000001f4eca2f0c0, 0x000001f4eca2f218]
Event: 4.254 Thread 0x000001f48318a000 2311       3       java.util.Collections$EmptyMap::entrySet (4 bytes)
Event: 4.254 Thread 0x000001f48318a000 nmethod 2311 0x000001f4eca2f310 code [0x000001f4eca2f4c0, 0x000001f4eca2f618]
Event: 4.265 Thread 0x000001f483003800 nmethod 2304 0x000001f4f3aec610 code [0x000001f4f3aec800, 0x000001f4f3aed030]
Event: 4.265 Thread 0x000001f483003800 2312       4       java.lang.ref.SoftReference::get (29 bytes)
Event: 4.266 Thread 0x000001f483003800 nmethod 2312 0x000001f4f3aed490 code [0x000001f4f3aed620, 0x000001f4f3aed6f8]
Event: 4.266 Thread 0x000001f483006800 2314       3       java.util.concurrent.locks.AbstractQueuedSynchronizer::release (33 bytes)
Event: 4.266 Thread 0x000001f483006800 nmethod 2314 0x000001f4eca2f710 code [0x000001f4eca2f8e0, 0x000001f4eca2fbb8]
Event: 4.276 Thread 0x000001f48463b000 2317       3       java.util.concurrent.locks.ReentrantLock$Sync::tryRelease (45 bytes)
Event: 4.276 Thread 0x000001f48463b000 nmethod 2317 0x000001f4eca2fc90 code [0x000001f4eca2fe60, 0x000001f4eca30148]
Event: 4.283 Thread 0x000001f4853c0000 2318       3       java.util.HashMap::put (13 bytes)
Event: 4.283 Thread 0x000001f4853c0000 nmethod 2318 0x000001f4eca30210 code [0x000001f4eca303e0, 0x000001f4eca306d8]
Event: 4.284 Thread 0x000001f48318a000 2319       3       jdk.internal.reflect.NativeConstructorAccessorImpl::newInstance (89 bytes)
Event: 4.285 Thread 0x000001f48318a000 nmethod 2319 0x000001f4eca30810 code [0x000001f4eca30ac0, 0x000001f4eca31938]
Event: 4.291 Thread 0x000001f483006800 2321       3       java.util.concurrent.locks.ReentrantLock$Sync::nonfairTryAcquire (67 bytes)
Event: 4.291 Thread 0x000001f483006800 nmethod 2321 0x000001f4eca31e10 code [0x000001f4eca32060, 0x000001f4eca32948]

GC Heap History (4 events):
Event: 0.751 GC heap before
{Heap before GC invocations=0 (full 0):
 garbage-first heap   total 260096K, used 26624K [0x00000000a0000000, 0x0000000100000000)
  region size 1024K, 24 young (24576K), 0 survivors (0K)
 Metaspace       used 8114K, capacity 8279K, committed 8576K, reserved 1056768K
  class space    used 769K, capacity 823K, committed 896K, reserved 1048576K
}
Event: 0.755 GC heap after
{Heap after GC invocations=1 (full 0):
 garbage-first heap   total 260096K, used 9181K [0x00000000a0000000, 0x0000000100000000)
  region size 1024K, 3 young (3072K), 3 survivors (3072K)
 Metaspace       used 8114K, capacity 8279K, committed 8576K, reserved 1056768K
  class space    used 769K, capacity 823K, committed 896K, reserved 1048576K
}
Event: 4.081 GC heap before
{Heap before GC invocations=1 (full 0):
 garbage-first heap   total 260096K, used 130013K [0x00000000a0000000, 0x0000000100000000)
  region size 1024K, 122 young (124928K), 3 survivors (3072K)
 Metaspace       used 20807K, capacity 21223K, committed 21296K, reserved 1069056K
  class space    used 2505K, capacity 2665K, committed 2688K, reserved 1048576K
}
Event: 4.092 GC heap after
{Heap after GC invocations=2 (full 0):
 garbage-first heap   total 260096K, used 17309K [0x00000000a0000000, 0x0000000100000000)
  region size 1024K, 11 young (11264K), 11 survivors (11264K)
 Metaspace       used 20807K, capacity 21223K, committed 21296K, reserved 1069056K
  class space    used 2505K, capacity 2665K, committed 2688K, reserved 1048576K
}

Deoptimization events (20 events):
Event: 4.010 Thread 0x000001f484950800 Uncommon trap: trap_request=0xffffffc6 fr.pc=0x000001f4f3a5e1d4 relative=0x0000000000000114
Event: 4.010 Thread 0x000001f484950800 Uncommon trap: reason=bimorphic_or_optimized_type_check action=maybe_recompile pc=0x000001f4f3a5e1d4 method=java.util.AbstractList$Itr.next()Ljava/lang/Object; @ 14 c2
Event: 4.010 Thread 0x000001f484950800 DEOPT PACKING pc=0x000001f4f3a5e1d4 sp=0x000000991aefbf20
Event: 4.010 Thread 0x000001f484950800 DEOPT UNPACKING pc=0x000001f4ebe6a1af sp=0x000000991aefbeb8 mode 2
Event: 4.010 Thread 0x000001f484950800 Uncommon trap: trap_request=0xffffff4d fr.pc=0x000001f4f3a52adc relative=0x000000000000031c
Event: 4.010 Thread 0x000001f484950800 Uncommon trap: reason=unstable_if action=reinterpret pc=0x000001f4f3a52adc method=java.io.File.getName()Ljava/lang/String; @ 16 c2
Event: 4.010 Thread 0x000001f484950800 DEOPT PACKING pc=0x000001f4f3a52adc sp=0x000000991aefc9a0
Event: 4.010 Thread 0x000001f484950800 DEOPT UNPACKING pc=0x000001f4ebe6a1af sp=0x000000991aefc930 mode 2
Event: 4.010 Thread 0x000001f484950800 Uncommon trap: trap_request=0xffffff4d fr.pc=0x000001f4f3a4ad48 relative=0x0000000000000868
Event: 4.010 Thread 0x000001f484950800 Uncommon trap: reason=unstable_if action=reinterpret pc=0x000001f4f3a4ad48 method=java.lang.String.substring(I)Ljava/lang/String; @ 34 c2
Event: 4.010 Thread 0x000001f484950800 DEOPT PACKING pc=0x000001f4f3a4ad48 sp=0x000000991aefc8e0
Event: 4.010 Thread 0x000001f484950800 DEOPT UNPACKING pc=0x000001f4ebe6a1af sp=0x000000991aefc8b8 mode 2
Event: 4.255 Thread 0x000001f484950800 Uncommon trap: trap_request=0xffffff4d fr.pc=0x000001f4f39f2a14 relative=0x00000000000000d4
Event: 4.255 Thread 0x000001f484950800 Uncommon trap: reason=unstable_if action=reinterpret pc=0x000001f4f39f2a14 method=java.util.HashMap.hash(Ljava/lang/Object;)I @ 1 c2
Event: 4.255 Thread 0x000001f484950800 DEOPT PACKING pc=0x000001f4f39f2a14 sp=0x000000991aefb2f0
Event: 4.255 Thread 0x000001f484950800 DEOPT UNPACKING pc=0x000001f4ebe6a1af sp=0x000000991aefb230 mode 2
Event: 4.273 Thread 0x000001f484950800 Uncommon trap: trap_request=0xffffff4d fr.pc=0x000001f4f3ad5cd4 relative=0x0000000000000314
Event: 4.273 Thread 0x000001f484950800 Uncommon trap: reason=unstable_if action=reinterpret pc=0x000001f4f3ad5cd4 method=jdk.internal.org.objectweb.asm.Type.getArgumentsAndReturnSizes(Ljava/lang/String;)I @ 88 c2
Event: 4.274 Thread 0x000001f484950800 DEOPT PACKING pc=0x000001f4f3ad5cd4 sp=0x000000991aef94e0
Event: 4.274 Thread 0x000001f484950800 DEOPT UNPACKING pc=0x000001f4ebe6a1af sp=0x000000991aef9468 mode 2

Classes redefined (0 events):
No events

Internal exceptions (20 events):
Event: 3.592 Thread 0x000001f4e1f21800 Exception <a 'java/io/IOException'{0x00000000aa707ac0}> (0x00000000aa707ac0) thrown at [./src/hotspot/share/prims/jni.cpp, line 615]
Event: 3.670 Thread 0x000001f485a5e800 Exception <a 'java/lang/NoSuchMethodError'{0x00000000aa31db38}: <clinit>> (0x00000000aa31db38) thrown at [./src/hotspot/share/prims/jni.cpp, line 1365]
Event: 3.672 Thread 0x000001f485a5e800 Exception <a 'java/lang/NoSuchMethodError'{0x00000000aa3366a8}: <clinit>> (0x00000000aa3366a8) thrown at [./src/hotspot/share/prims/jni.cpp, line 1365]
Event: 3.673 Thread 0x000001f485a5e800 Exception <a 'java/lang/NoSuchMethodError'{0x00000000aa340070}: <clinit>> (0x00000000aa340070) thrown at [./src/hotspot/share/prims/jni.cpp, line 1365]
Event: 3.675 Thread 0x000001f485a5e800 Exception <a 'java/lang/NoSuchMethodError'{0x00000000aa356118}: <clinit>> (0x00000000aa356118) thrown at [./src/hotspot/share/prims/jni.cpp, line 1365]
Event: 3.759 Thread 0x000001f484950800 Exception <a 'java/lang/NoSuchMethodError'{0x00000000a9f51180}: 'long java.lang.invoke.DirectMethodHandle$Holder.invokeInterface(java.lang.Object, java.lang.Object)'> (0x00000000a9f51180) thrown at [./src/hotspot/share/interpreter/linkResolver.cpp, line 773]
Event: 3.760 Thread 0x000001f484950800 Exception <a 'java/lang/NoSuchMethodError'{0x00000000a9f5e220}: 'void java.lang.invoke.DelegatingMethodHandle$Holder.reinvoke_L(java.lang.Object, java.lang.Object, java.lang.Object, java.lang.Object, java.lang.Object, java.lang.Object, java.lang.Object)'> (0x00000000a9f5e220) thrown at [./src/hotspot/share/interpreter/linkResolver.cpp, line 773]
Event: 3.851 Thread 0x000001f484950800 Exception <a 'java/lang/NoSuchMethodError'{0x00000000a963e2e8}: 'void java.lang.invoke.DirectMethodHandle$Holder.invokeStaticInit(java.lang.Object)'> (0x00000000a963e2e8) thrown at [./src/hotspot/share/interpreter/linkResolver.cpp, line 773]
Event: 3.870 Thread 0x000001f484950800 Exception <a 'java/lang/NoSuchMethodError'{0x00000000a9511a98}: 'java.lang.Object java.lang.invoke.DirectMethodHandle$Holder.invokeStatic(java.lang.Object, java.lang.Object, java.lang.Object, int)'> (0x00000000a9511a98) thrown at [./src/hotspot/share/interpreter/linkResolver.cpp, line 773]
Event: 3.870 Thread 0x000001f484950800 Exception <a 'java/lang/NoSuchMethodError'{0x00000000a9515c60}: 'java.lang.Object java.lang.invoke.DirectMethodHandle$Holder.invokeSpecial(java.lang.Object, java.lang.Object, java.lang.Object, java.lang.Object, int)'> (0x00000000a9515c60) thrown at [./src/hotspot/share/interpreter/linkResolver.cpp, line 773]
Event: 3.870 Thread 0x000001f484950800 Exception <a 'java/lang/NoSuchMethodError'{0x00000000a9519648}: 'java.lang.Object java.lang.invoke.Invokers$Holder.linkToTargetMethod(java.lang.Object, java.lang.Object, int, java.lang.Object)'> (0x00000000a9519648) thrown at [./src/hotspot/share/interpreter/linkResolver.cpp, line 773]
Event: 4.034 Thread 0x000001f484950800 Exception <a 'java/lang/NoSuchMethodError'{0x00000000a8ba6278}: 'java.lang.Object java.lang.invoke.Invokers$Holder.linkToTargetMethod(java.lang.Object, java.lang.Object, java.lang.Object, java.lang.Object, java.lang.Object, java.lang.Object)'> (0x00000000a8ba6278) thrown at [./src/hotspot/share/interpreter/linkResolver.cpp, line 773]
Event: 4.108 Thread 0x000001f485c35000 Exception <a 'java/lang/NoSuchMethodError'{0x00000000afd873a8}: <clinit>> (0x00000000afd873a8) thrown at [./src/hotspot/share/prims/jni.cpp, line 1365]
Event: 4.108 Thread 0x000001f485c35000 Exception <a 'java/lang/NoSuchMethodError'{0x00000000afd88998}: <clinit>> (0x00000000afd88998) thrown at [./src/hotspot/share/prims/jni.cpp, line 1365]
Event: 4.109 Thread 0x000001f485c35000 Exception <a 'java/lang/NoSuchMethodError'{0x00000000afd91418}: <clinit>> (0x00000000afd91418) thrown at [./src/hotspot/share/prims/jni.cpp, line 1365]
Event: 4.111 Thread 0x000001f485c35000 Exception <a 'java/lang/NoSuchMethodError'{0x00000000afda12c8}: <clinit>> (0x00000000afda12c8) thrown at [./src/hotspot/share/prims/jni.cpp, line 1365]
Event: 4.216 Thread 0x000001f484950800 Exception <a 'java/lang/NoSuchMethodError'{0x00000000af3c1b20}: 'int java.lang.invoke.DirectMethodHandle$Holder.invokeSpecialIFC(java.lang.Object, java.lang.Object, java.lang.Object, java.lang.Object)'> (0x00000000af3c1b20) thrown at [./src/hotspot/share/interpreter/linkResolver.cpp, line 773]
Event: 4.218 Thread 0x000001f484950800 Exception <a 'java/lang/NoSuchMethodError'{0x00000000af3cfad8}: 'java.lang.Object java.lang.invoke.DirectMethodHandle$Holder.invokeInterface(java.lang.Object, java.lang.Object, java.lang.Object)'> (0x00000000af3cfad8) thrown at [./src/hotspot/share/interpreter/linkResolver.cpp, line 773]
Event: 4.218 Thread 0x000001f484950800 Exception <a 'java/lang/IncompatibleClassChangeError'{0x00000000af3d2fb0}: Found class java.lang.Object, but interface was expected> (0x00000000af3d2fb0) thrown at [./src/hotspot/share/interpreter/linkResolver.cpp, line 839]
Event: 4.255 Thread 0x000001f484950800 Implicit null exception at 0x000001f4f39f2978 to 0x000001f4f39f2a0a

Events (20 events):
Event: 4.287 loading class org/gradle/initialization/exception/StackTraceSanitizingExceptionAnalyser
Event: 4.287 loading class org/gradle/initialization/exception/StackTraceSanitizingExceptionAnalyser done
Event: 4.288 loading class org/gradle/launcher/exec/RootBuildLifecycleBuildActionExecutor
Event: 4.288 loading class org/gradle/launcher/exec/RootBuildLifecycleBuildActionExecutor done
Event: 4.288 loading class org/gradle/launcher/exec/BuildCompletionNotifyingBuildActionRunner
Event: 4.288 loading class org/gradle/launcher/exec/BuildCompletionNotifyingBuildActionRunner done
Event: 4.288 loading class org/gradle/tooling/internal/provider/FileSystemWatchingBuildActionRunner
Event: 4.288 loading class org/gradle/tooling/internal/provider/FileSystemWatchingBuildActionRunner done
Event: 4.289 loading class org/gradle/launcher/exec/BuildOutcomeReportingBuildActionRunner
Event: 4.289 loading class org/gradle/launcher/exec/BuildOutcomeReportingBuildActionRunner done
Event: 4.289 loading class org/gradle/internal/buildtree/ProblemReportingBuildActionRunner
Event: 4.289 loading class org/gradle/internal/buildtree/ProblemReportingBuildActionRunner done
Event: 4.293 loading class org/gradle/launcher/exec/ChainingBuildActionRunner
Event: 4.293 loading class org/gradle/launcher/exec/ChainingBuildActionRunner done
Event: 4.293 loading class org/gradle/problems/buildtree/ProblemReporter
Event: 4.293 loading class org/gradle/problems/buildtree/ProblemReporter done
Event: 4.293 loading class com/google/common/collect/Iterables
Event: 4.293 loading class com/google/common/collect/Iterables done
Event: 4.294 loading class org/gradle/api/internal/BuildDefinition
Event: 4.294 loading class org/gradle/api/internal/BuildDefinition done


Dynamic libraries:
0x00007ff66c250000 - 0x00007ff66c25d000 	C:\Program Files\Microsoft\jdk-11.0.12.7-hotspot\bin\java.exe
0x00007ffbd7cb0000 - 0x00007ffbd7ea8000 	C:\WINDOWS\SYSTEM32\ntdll.dll
0x00007ffbd69c0000 - 0x00007ffbd6a82000 	C:\WINDOWS\System32\KERNEL32.DLL
0x00007ffbd5490000 - 0x00007ffbd5786000 	C:\WINDOWS\System32\KERNELBASE.dll
0x00007ffbd5b10000 - 0x00007ffbd5c10000 	C:\WINDOWS\System32\ucrtbase.dll
0x00007ffbc9f90000 - 0x00007ffbc9fa7000 	C:\Program Files\Microsoft\jdk-11.0.12.7-hotspot\bin\jli.dll
0x00007ffbc9f30000 - 0x00007ffbc9f45000 	C:\Program Files\Microsoft\jdk-11.0.12.7-hotspot\bin\VCRUNTIME140.dll
0x00007ffbd6d00000 - 0x00007ffbd6ea1000 	C:\WINDOWS\System32\USER32.dll
0x00007ffbd5460000 - 0x00007ffbd5482000 	C:\WINDOWS\System32\win32u.dll
0x00007ffbd5fb0000 - 0x00007ffbd5fdb000 	C:\WINDOWS\System32\GDI32.dll
0x00007ffbd5340000 - 0x00007ffbd5459000 	C:\WINDOWS\System32\gdi32full.dll
0x00007ffbb5f40000 - 0x00007ffbb61db000 	C:\WINDOWS\WinSxS\amd64_microsoft.windows.common-controls_6595b64144ccf1df_6.0.19041.6456_none_60b8a6cb71f64256\COMCTL32.dll
0x00007ffbd5a20000 - 0x00007ffbd5abd000 	C:\WINDOWS\System32\msvcp_win.dll
0x00007ffbd6100000 - 0x00007ffbd619e000 	C:\WINDOWS\System32\msvcrt.dll
0x00007ffbd6880000 - 0x00007ffbd68af000 	C:\WINDOWS\System32\IMM32.DLL
0x00007ffb9d6b0000 - 0x00007ffb9d74b000 	C:\Program Files\Microsoft\jdk-11.0.12.7-hotspot\bin\msvcp140.dll
0x00007ffb70650000 - 0x00007ffb711b1000 	C:\Program Files\Microsoft\jdk-11.0.12.7-hotspot\bin\server\jvm.dll
0x00007ffbd6b70000 - 0x00007ffbd6c21000 	C:\WINDOWS\System32\ADVAPI32.dll
0x00007ffbd6740000 - 0x00007ffbd67df000 	C:\WINDOWS\System32\sechost.dll
0x00007ffbd5e90000 - 0x00007ffbd5fb0000 	C:\WINDOWS\System32\RPCRT4.dll
0x00007ffbd5ca0000 - 0x00007ffbd5cc7000 	C:\WINDOWS\System32\bcrypt.dll
0x00007ffbd6870000 - 0x00007ffbd6878000 	C:\WINDOWS\System32\PSAPI.DLL
0x00007ffbca100000 - 0x00007ffbca109000 	C:\WINDOWS\SYSTEM32\WSOCK32.dll
0x00007ffbb9d40000 - 0x00007ffbb9d67000 	C:\WINDOWS\SYSTEM32\WINMM.dll
0x00007ffbc2b90000 - 0x00007ffbc2b9a000 	C:\WINDOWS\SYSTEM32\VERSION.dll
0x00007ffbd6800000 - 0x00007ffbd686b000 	C:\WINDOWS\System32\WS2_32.dll
0x00007ffbd3af0000 - 0x00007ffbd3b02000 	C:\WINDOWS\SYSTEM32\kernel.appcore.dll
0x00007ffbc9f60000 - 0x00007ffbc9f70000 	C:\Program Files\Microsoft\jdk-11.0.12.7-hotspot\bin\verify.dll
0x00007ffbd37c0000 - 0x00007ffbd39c1000 	C:\WINDOWS\SYSTEM32\DBGHELP.DLL
0x00007ffbc1790000 - 0x00007ffbc17c4000 	C:\WINDOWS\SYSTEM32\dbgcore.DLL
0x00007ffbd5c10000 - 0x00007ffbd5c92000 	C:\WINDOWS\System32\bcryptPrimitives.dll
0x00007ffba7d60000 - 0x00007ffba7d88000 	C:\Program Files\Microsoft\jdk-11.0.12.7-hotspot\bin\java.dll
0x00007ffbc9ce0000 - 0x00007ffbc9cea000 	C:\Program Files\Microsoft\jdk-11.0.12.7-hotspot\bin\jimage.dll
0x00007ffbc9ae0000 - 0x00007ffbc9af7000 	C:\Program Files\Microsoft\jdk-11.0.12.7-hotspot\bin\zip.dll
0x00007ffbd7500000 - 0x00007ffbd7c70000 	C:\WINDOWS\System32\SHELL32.dll
0x00007ffbd2f50000 - 0x00007ffbd36f5000 	C:\WINDOWS\SYSTEM32\windows.storage.dll
0x00007ffbd7060000 - 0x00007ffbd73b4000 	C:\WINDOWS\System32\combase.dll
0x00007ffbd4c90000 - 0x00007ffbd4cbb000 	C:\WINDOWS\SYSTEM32\Wldp.dll
0x00007ffbd6c30000 - 0x00007ffbd6cfd000 	C:\WINDOWS\System32\OLEAUT32.dll
0x00007ffbd5de0000 - 0x00007ffbd5e8d000 	C:\WINDOWS\System32\SHCORE.dll
0x00007ffbd6b10000 - 0x00007ffbd6b6b000 	C:\WINDOWS\System32\shlwapi.dll
0x00007ffbd5270000 - 0x00007ffbd5294000 	C:\WINDOWS\SYSTEM32\profapi.dll
0x00007ffbc7250000 - 0x00007ffbc7269000 	C:\Program Files\Microsoft\jdk-11.0.12.7-hotspot\bin\net.dll
0x00007ffbcab60000 - 0x00007ffbcac6a000 	C:\WINDOWS\SYSTEM32\WINHTTP.dll
0x00007ffbd4a70000 - 0x00007ffbd4ada000 	C:\WINDOWS\system32\mswsock.dll
0x00007ffbc5f10000 - 0x00007ffbc5f22000 	C:\Program Files\Microsoft\jdk-11.0.12.7-hotspot\bin\nio.dll
0x00007ffbb7bb0000 - 0x00007ffbb7bd7000 	C:\Users\└ąę┼╦▄\.gradle\native\68d5fa5c4cc2d200863cafc0d521ce42e7d3e7ee720ec0a83991735586a16f82\windows-amd64\native-platform.dll
0x00007ffb83a70000 - 0x00007ffb83bb4000 	C:\Users\└ąę┼╦▄\.gradle\native\e376f236ea51e6404a007f0833ffe2c6e607c4080706a723a18a27aeea778392\windows-amd64\native-platform-file-events.dll
0x00007ffbc6000000 - 0x00007ffbc6009000 	C:\Program Files\Microsoft\jdk-11.0.12.7-hotspot\bin\management.dll
0x00007ffbc5730000 - 0x00007ffbc573b000 	C:\Program Files\Microsoft\jdk-11.0.12.7-hotspot\bin\management_ext.dll
0x00007ffbd4cd0000 - 0x00007ffbd4ce8000 	C:\WINDOWS\SYSTEM32\CRYPTSP.dll
0x00007ffbd4340000 - 0x00007ffbd4378000 	C:\WINDOWS\system32\rsaenh.dll
0x00007ffbd51f0000 - 0x00007ffbd521e000 	C:\WINDOWS\SYSTEM32\USERENV.dll
0x00007ffbd4c00000 - 0x00007ffbd4c0c000 	C:\WINDOWS\SYSTEM32\CRYPTBASE.dll
0x00007ffbd4720000 - 0x00007ffbd475b000 	C:\WINDOWS\SYSTEM32\IPHLPAPI.DLL
0x00007ffbd67e0000 - 0x00007ffbd67e8000 	C:\WINDOWS\System32\NSI.dll
0x00007ffbc9410000 - 0x00007ffbc9427000 	C:\WINDOWS\SYSTEM32\dhcpcsvc6.DLL
0x00007ffbc93f0000 - 0x00007ffbc940d000 	C:\WINDOWS\SYSTEM32\dhcpcsvc.DLL
0x00007ffbd4760000 - 0x00007ffbd482a000 	C:\WINDOWS\SYSTEM32\DNSAPI.dll

dbghelp: loaded successfully - version: 4.0.5 - missing functions: none
symbol engine: initialized successfully - sym options: 0x614 - pdb path: .;C:\Program Files\Microsoft\jdk-11.0.12.7-hotspot\bin;C:\WINDOWS\SYSTEM32;C:\WINDOWS\WinSxS\amd64_microsoft.windows.common-controls_6595b64144ccf1df_6.0.19041.6456_none_60b8a6cb71f64256;C:\Program Files\Microsoft\jdk-11.0.12.7-hotspot\bin\server;C:\Users\└ąę┼╦▄\.gradle\native\68d5fa5c4cc2d200863cafc0d521ce42e7d3e7ee720ec0a83991735586a16f82\windows-amd64;C:\Users\└ąę┼╦▄\.gradle\native\e376f236ea51e6404a007f0833ffe2c6e607c4080706a723a18a27aeea778392\windows-amd64

VM Arguments:
jvm_args: --add-opens=java.base/java.util=ALL-UNNAMED --add-opens=java.base/java.lang=ALL-UNNAMED --add-opens=java.base/java.lang.invoke=ALL-UNNAMED --add-opens=java.prefs/java.util.prefs=ALL-UNNAMED --add-opens=java.base/java.nio.charset=ALL-UNNAMED --add-opens=java.base/java.net=ALL-UNNAMED --add-opens=java.base/java.util.concurrent.atomic=ALL-UNNAMED -Xmx1536m -Dfile.encoding=utf8 -Duser.country=RU -Duser.language=ru -Duser.variant 
java_command: org.gradle.launcher.daemon.bootstrap.GradleDaemon 7.6.1
java_class_path (initial): C:\Users\└ąę┼╦▄\.gradle\wrapper\dists\gradle-7.6.1-all\942lu1p9i6mhoyzmt401s4g74\gradle-7.6.1\lib\gradle-launcher-7.6.1.jar
Launcher Type: SUN_STANDARD

[Global flags]
     intx CICompilerCount                          = 12                                        {product} {ergonomic}
     uint ConcGCThreads                            = 3                                         {product} {ergonomic}
     uint G1ConcRefinementThreads                  = 13                                        {product} {ergonomic}
   size_t G1HeapRegionSize                         = 1048576                                   {product} {ergonomic}
    uintx GCDrainStackTargetSize                   = 64                                        {product} {ergonomic}
   size_t InitialHeapSize                          = 266338304                                 {product} {ergonomic}
   size_t MarkStackSize                            = 4194304                                   {product} {ergonomic}
   size_t MaxHeapSize                              = 1610612736                                {product} {command line}
   size_t MaxNewSize                               = 965738496                                 {product} {ergonomic}
   size_t MinHeapDeltaBytes                        = 1048576                                   {product} {ergonomic}
    uintx NonNMethodCodeHeapSize                   = 7594288                                {pd product} {ergonomic}
    uintx NonProfiledCodeHeapSize                  = 122031976                              {pd product} {ergonomic}
    uintx ProfiledCodeHeapSize                     = 122031976                              {pd product} {ergonomic}
    uintx ReservedCodeCacheSize                    = 251658240                              {pd product} {ergonomic}
     bool SegmentedCodeCache                       = true                                      {product} {ergonomic}
     bool UseCompressedClassPointers               = true                                 {lp64_product} {ergonomic}
     bool UseCompressedOops                        = true                                 {lp64_product} {ergonomic}
     bool UseG1GC                                  = true                                      {product} {ergonomic}
     bool UseLargePagesIndividualAllocation        = false                                  {pd product} {ergonomic}

Logging:
Log output configuration:
 #0: stdout all=warning uptime,level,tags
 #1: stderr all=off uptime,level,tags

Environment Variables:
PATH=C:\Python312;C:\Python312\Scripts;C:\Program Files\Microsoft\jdk-11.0.12.7-hotspot\bin;C:\Program Files\Python310\Scripts\;C:\Program Files\Python310\;C:\Program Files\NVIDIA GPU Computing Toolkit\CUDA\v12.8\bin;C:\Program Files\NVIDIA GPU Computing Toolkit\CUDA\v12.8\libnvvp;C:\Program Files\NVIDIA GPU Computing Toolkit\CUDA\v11.8\bin;C:\Program Files\NVIDIA GPU Computing Toolkit\CUDA\v11.8\libnvvp;C:\Program Files\NVIDIA GPU Computing Toolkit\CUDA\v11.3\bin;C:\Program Files\NVIDIA GPU Computing Toolkit\CUDA\v11.3\libnvvp;C:\Program Files (x86)\Common Files\Intel\Shared Libraries\redist\intel64_win\compiler;C:\WINDOWS\system32;C:\WINDOWS;C:\WINDOWS\System32\Wbem;C:\WINDOWS\System32\WindowsPowerShell\v1.0\;C:\WINDOWS\System32\OpenSSH\;C:\Program Files (x86)\Common Files\Acronis\SnapAPI\;C:\Program Files (x86)\NVIDIA Corporation\PhysX\Common;C:\Program Files\Common Files\Autodesk Shared\;C:\WINDOWS\system32;C:\WINDOWS;C:\WINDOWS\System32\Wbem;C:\WINDOWS\System32\WindowsPowerShell\v1.0\;C:\WINDOWS\System32\OpenSSH\;C:\Program Files\Go\bin;C:\ProgramData\chocolatey\bin;C:\Program Files\dotnet\;C:\Program Files (x86)\dotnet\;C:\Program Files\Inkscape\bin;C:\Program Files\Git\cmd;C:\Program Files\Git LFS;C:\ffmpeg\bin;C:\Program Files\CMake\bin;C:\Program Files (x86)\GammaTech\TumarCSP\lib;C:\Program Files (x86)\GammaTech\TumarCSP\lib64;C:\Program Files\NVIDIA Corporation\Nsight Compute 2025.1.1\;C:\Program Files\NVIDIA Corporation\NVIDIA App\NvDLISR;C:\Strawberry\c\bin;C:\Strawberry\perl\site\bin;C:\Strawberry\perl\bin;C:\Program Files (x86)\Incredibuild;C:\Program Files (x86)\Windows Kits\10\Windows Performance Toolkit\;C:\Program Files\nodejs\;C:\Users\└ąę┼╦▄\.local\bin;c:\Users\└ąę┼╦▄\AppData\Local\Programs\Trae\bin;C:\Users\└ąę┼╦▄\AppData\Local\Programs\Python\Python313\Scripts\;C:\Users\└ąę┼╦▄\AppData\Local\Programs\Python\Python313\;C:\Program Files\NVIDIA GPU Computing Toolkit\CUDA\v11.3\bin;C:\Program Files\NVIDIA GPU Computing Toolkit\CUDA\v11.3\libnvvp;C:\Pr
USERNAME=└ąę┼╦▄
OS=Windows_NT
PROCESSOR_IDENTIFIER=Intel64 Family 6 Model 165 Stepping 2, GenuineIntel



---------------  S Y S T E M  ---------------

OS: Windows 10 , 64 bit Build 19041 (10.0.19041.5915)
OS uptime: 0 days 3:40 hours
Hyper-V role detected

CPU:total 16 (initial active 16) (8 cores per cpu, 2 threads per core) family 6 model 165 stepping 2 microcode 0xc8, cmov, cx8, fxsr, mmx, sse, sse2, sse3, ssse3, sse4.1, sse4.2, popcnt, avx, avx2, aes, clmul, erms, 3dnowpref, lzcnt, ht, tsc, tscinvbit, bmi1, bmi2, adx, fma

Memory: 4k page, system-wide physical 16168M (470M free)
TotalPageFile size 32552M (AvailPageFile size 0M)
current process WorkingSet (physical memory assigned to process): 254M, peak: 254M
current process commit charge ("private bytes"): 415M, peak: 416M

vm_info: OpenJDK 64-Bit Server VM (11.0.12+7) for windows-amd64 JRE (11.0.12+7), built on Jul 21 2021 15:41:43 by "" with unknown MS VC++:1916

END.
